<?xml version="1.0" encoding="UTF-8"?>
<!-- Generated by org.testng.reporters.JUnitReportReporter -->
<testsuite hostname="ITEM-S102649" name="tests.XMLSchemaValidation" tests="1" failures="0" timestamp="3 Jun 2021 13:33:47 GMT" time="3.209" errors="0">
  <testcase name="schemaValidation" time="3.209" classname="tests.XMLSchemaValidation"/>
</testsuite> <!-- tests.XMLSchemaValidation -->
