<?xml version="1.0" encoding="UTF-8"?>
<!-- Generated by org.testng.reporters.JUnitReportReporter -->
<testsuite hostname="ITEM-S102649" name="tests.SOAPXMLRequest" tests="1" failures="0" timestamp="3 Jun 2021 10:40:25 GMT" time="3.168" errors="0">
  <testcase name="validateSoapXML" time="3.168" classname="tests.SOAPXMLRequest"/>
</testsuite> <!-- tests.SOAPXMLRequest -->
