<?xml version="1.0" encoding="UTF-8"?>
<!-- Generated by org.testng.reporters.JUnitReportReporter -->
<testsuite hostname="ITEM-S102649" name="tests.TestExamples" tests="2" failures="0" timestamp="30 May 2021 13:34:24 GMT" time="3.364" errors="0">
  <testcase name="DemoTest" time="2.156" classname="tests.TestExamples"/>
  <testcase name="test_2" time="1.208" classname="tests.TestExamples"/>
</testsuite> <!-- tests.TestExamples -->
