<?xml version="1.0" encoding="UTF-8"?>
<!-- Generated by org.testng.reporters.JUnitReportReporter -->
<testsuite hostname="ITEM-S102649" name="tests.GETandPOSTExamples" tests="1" failures="0" timestamp="30 May 2021 15:57:26 GMT" time="4.123" errors="0">
  <testcase name="testPost" time="4.123" classname="tests.GETandPOSTExamples"/>
</testsuite> <!-- tests.GETandPOSTExamples -->
