<?xml version="1.0" encoding="UTF-8"?>
<!-- Generated by org.testng.reporters.JUnitReportReporter -->
<testsuite hostname="ITEM-S102649" name="tests.TestsOnLocalAPI" tests="2" failures="0" timestamp="2 Jun 2021 14:58:12 GMT" time="2.305" errors="0">
  <testcase name="get" time="2.282" classname="tests.TestsOnLocalAPI"/>
  <testcase name="patch" time="0.023" classname="tests.TestsOnLocalAPI"/>
</testsuite> <!-- tests.TestsOnLocalAPI -->
